<?xml version="1.0" encoding="UTF-8"?>
<!-- Generated by org.testng.reporters.JUnitXMLReporter -->
<testsuite ignored="0" hostname="DESKTOP-LF1CERB" failures="0" tests="2" name="edgetest" time="0.714" errors="0" timestamp="2021-12-30T11:45:58 IST">
  <testcase classname="day33.ParamaTest" name="@BeforeClass setup" time="0.298">
    <failure type="java.lang.IllegalStateException" message="The driver executable must exist: C:\Drivers\edgedriver_win64\CDriversedgedriver_win64.exe)">
      <![CDATA[java.lang.IllegalStateException: The driver executable must exist: C:\Drivers\edgedriver_win64\CDriversedgedriver_win64.exe)
at org.openqa.selenium.internal.Require$FileStateChecker.isFile(Require.java:315)
at org.openqa.selenium.remote.service.DriverService.checkExecutable(DriverService.java:144)
at org.openqa.selenium.remote.service.DriverService.findExecutable(DriverService.java:139)
at org.openqa.selenium.edge.EdgeDriverService.access$000(EdgeDriverService.java:40)
at org.openqa.selenium.edge.EdgeDriverService$Builder.findDefaultExecutable(EdgeDriverService.java:171)
at org.openqa.selenium.remote.service.DriverService$Builder.build(DriverService.java:434)
at org.openqa.selenium.edge.EdgeDriver.<init>(EdgeDriver.java:41)
at org.openqa.selenium.edge.EdgeDriver.<init>(EdgeDriver.java:38)
at day33.ParamaTest.setup(ParamaTest.java:30)
at java.base/java.util.ArrayList.forEach(ArrayList.java:1511)
at java.base/java.util.concurrent.FutureTask.run(FutureTask.java:264)
at java.base/java.util.concurrent.ThreadPoolExecutor.runWorker(ThreadPoolExecutor.java:1136)
at java.base/java.util.concurrent.ThreadPoolExecutor$Worker.run(ThreadPoolExecutor.java:635)
at java.base/java.lang.Thread.run(Thread.java:833)
... Removed 16 stack frames]]>
    </failure>
  </testcase> <!-- @BeforeClass setup -->
  <testcase classname="day33.ParamaTest" name="@AfterClass tearDemo" time="-1.640844957902E9">
    <skipped/>
  </testcase> <!-- @AfterClass tearDemo -->
  <testcase classname="day33.ParamaTest" name="TestLogo" time="0.0">
    <skipped/>
  </testcase> <!-- TestLogo -->
  <testcase classname="day33.ParamaTest" name="testTitle" time="0.0">
    <skipped/>
  </testcase> <!-- testTitle -->
</testsuite> <!-- edgetest -->
